<?xml version="1.0" encoding="UTF-8"?>
<coverage generated="1570973866182" clover="3.2.0">
  <project timestamp="1570973866182" name="All files">
    <metrics statements="47" coveredstatements="47" conditionals="22" coveredconditionals="22" methods="11" coveredmethods="11" elements="80" coveredelements="80" complexity="0" loc="47" ncloc="47" packages="1" files="3" classes="3"/>
    <file name="container.ts" path="C:\code\pet\ts-sandbox\src\container.ts">
      <metrics statements="25" coveredstatements="25" conditionals="16" coveredconditionals="16" methods="4" coveredmethods="4"/>
      <line num="1" count="2" type="stmt"/>
      <line num="3" count="2" type="stmt"/>
      <line num="5" count="2" type="stmt"/>
      <line num="8" count="2" type="stmt"/>
      <line num="10" count="13" type="stmt"/>
      <line num="11" count="13" type="stmt"/>
      <line num="12" count="13" type="stmt"/>
      <line num="13" count="2" type="stmt"/>
      <line num="16" count="7" type="stmt"/>
      <line num="17" count="7" type="stmt"/>
      <line num="21" count="43" type="cond" truecount="2" falsecount="0"/>
      <line num="22" count="43" type="cond" truecount="2" falsecount="0"/>
      <line num="24" count="43" type="cond" truecount="4" falsecount="0"/>
      <line num="25" count="2" type="stmt"/>
      <line num="28" count="41" type="cond" truecount="2" falsecount="0"/>
      <line num="29" count="4" type="stmt"/>
      <line num="32" count="37" type="cond" truecount="2" falsecount="0"/>
      <line num="34" count="37" type="cond" truecount="2" falsecount="0"/>
      <line num="35" count="11" type="stmt"/>
      <line num="38" count="26" type="cond" truecount="2" falsecount="0"/>
      <line num="39" count="1" type="stmt"/>
      <line num="42" count="25" type="stmt"/>
      <line num="43" count="25" type="stmt"/>
      <line num="44" count="19" type="stmt"/>
      <line num="46" count="19" type="stmt"/>
    </file>
    <file name="decorators.ts" path="C:\code\pet\ts-sandbox\src\decorators.ts">
      <metrics statements="16" coveredstatements="16" conditionals="6" coveredconditionals="6" methods="4" coveredmethods="4"/>
      <line num="2" count="2" type="stmt"/>
      <line num="4" count="2" type="stmt"/>
      <line num="6" count="2" type="stmt"/>
      <line num="8" count="2" type="stmt"/>
      <line num="13" count="2" type="stmt"/>
      <line num="14" count="6" type="stmt"/>
      <line num="15" count="6" type="cond" truecount="2" falsecount="0"/>
      <line num="16" count="6" type="stmt"/>
      <line num="17" count="6" type="stmt"/>
      <line num="24" count="2" type="stmt"/>
      <line num="25" count="6" type="stmt"/>
      <line num="26" count="6" type="cond" truecount="2" falsecount="0"/>
      <line num="27" count="6" type="stmt"/>
      <line num="30" count="6" type="stmt"/>
      <line num="31" count="6" type="stmt"/>
      <line num="32" count="6" type="stmt"/>
    </file>
    <file name="util.ts" path="C:\code\pet\ts-sandbox\src\util.ts">
      <metrics statements="6" coveredstatements="6" conditionals="0" coveredconditionals="0" methods="3" coveredmethods="3"/>
      <line num="1" count="84" type="stmt"/>
      <line num="2" count="43" type="stmt"/>
      <line num="3" count="2" type="stmt"/>
      <line num="4" count="6" type="stmt"/>
      <line num="5" count="6" type="stmt"/>
      <line num="6" count="6" type="stmt"/>
    </file>
  </project>
</coverage>
