{"C:\\code\\pet\\ts-sandbox\\src\\container.ts": {"path":"C:\\code\\pet\\ts-sandbox\\src\\container.ts","statementMap":{"0":{"start":{"line":1,"column":0},"end":{"line":1,"column":26}},"1":{"start":{"line":3,"column":0},"end":{"line":3,"column":57}},"2":{"start":{"line":5,"column":0},"end":{"line":5,"column":46}},"3":{"start":{"line":10,"column":19},"end":{"line":10,"column":65}},"4":{"start":{"line":11,"column":19},"end":{"line":11,"column":68}},"5":{"start":{"line":12,"column":10},"end":{"line":12,"column":28}},"6":{"start":{"line":16,"column":4},"end":{"line":16,"column":42}},"7":{"start":{"line":17,"column":4},"end":{"line":17,"column":16}},"8":{"start":{"line":21,"column":23},"end":{"line":21,"column":73}},"9":{"start":{"line":22,"column":19},"end":{"line":22,"column":74}},"10":{"start":{"line":24,"column":4},"end":{"line":26,"column":null}},"11":{"start":{"line":25,"column":6},"end":{"line":25,"column":null}},"12":{"start":{"line":28,"column":4},"end":{"line":30,"column":null}},"13":{"start":{"line":29,"column":6},"end":{"line":29,"column":20}},"14":{"start":{"line":32,"column":36},"end":{"line":32,"column":96}},"15":{"start":{"line":34,"column":4},"end":{"line":36,"column":null}},"16":{"start":{"line":35,"column":6},"end":{"line":35,"column":41}},"17":{"start":{"line":38,"column":4},"end":{"line":40,"column":null}},"18":{"start":{"line":39,"column":6},"end":{"line":39,"column":null}},"19":{"start":{"line":42,"column":4},"end":{"line":42,"column":25}},"20":{"start":{"line":43,"column":21},"end":{"line":43,"column":62}},"21":{"start":{"line":43,"column":49},"end":{"line":43,"column":60}},"22":{"start":{"line":44,"column":4},"end":{"line":44,"column":42}},"23":{"start":{"line":46,"column":4},"end":{"line":46,"column":20}},"24":{"start":{"line":8,"column":0},"end":{"line":8,"column":13}},"25":{"start":{"line":13,"column":9},"end":{"line":13,"column":26}}},"fnMap":{"0":{"name":"(anonymous_0)","decl":{"start":{"line":8,"column":0},"end":{"line":8,"column":13}},"loc":{"start":{"line":8,"column":0},"end":{"line":48,"column":1}}},"1":{"name":"(anonymous_1)","decl":{"start":{"line":15,"column":2},"end":{"line":15,"column":14}},"loc":{"start":{"line":15,"column":90},"end":{"line":18,"column":3}}},"2":{"name":"(anonymous_2)","decl":{"start":{"line":20,"column":2},"end":{"line":20,"column":5}},"loc":{"start":{"line":20,"column":28},"end":{"line":47,"column":3}}},"3":{"name":"(anonymous_3)","decl":{"start":{"line":43,"column":44},"end":{"line":43,"column":45}},"loc":{"start":{"line":43,"column":49},"end":{"line":43,"column":60}}}},"branchMap":{"0":{"loc":{"start":{"line":21,"column":42},"end":{"line":21,"column":51}},"type":"cond-expr","locations":[{"start":{"line":21,"column":42},"end":{"line":21,"column":51}},{"start":{"line":21,"column":54},"end":{"line":21,"column":73}}]},"1":{"loc":{"start":{"line":22,"column":19},"end":{"line":22,"column":48}},"type":"binary-expr","locations":[{"start":{"line":22,"column":19},"end":{"line":22,"column":48}},{"start":{"line":22,"column":52},"end":{"line":22,"column":74}}]},"2":{"loc":{"start":{"line":24,"column":4},"end":{"line":26,"column":null}},"type":"if","locations":[{"start":{"line":24,"column":4},"end":{"line":26,"column":null}},{"start":{"line":24,"column":4},"end":{"line":26,"column":null}}]},"3":{"loc":{"start":{"line":24,"column":8},"end":{"line":24,"column":15}},"type":"binary-expr","locations":[{"start":{"line":24,"column":8},"end":{"line":24,"column":15}},{"start":{"line":24,"column":19},"end":{"line":24,"column":35}}]},"4":{"loc":{"start":{"line":28,"column":4},"end":{"line":30,"column":null}},"type":"if","locations":[{"start":{"line":28,"column":4},"end":{"line":30,"column":null}},{"start":{"line":28,"column":4},"end":{"line":30,"column":null}}]},"5":{"loc":{"start":{"line":32,"column":36},"end":{"line":32,"column":90}},"type":"binary-expr","locations":[{"start":{"line":32,"column":36},"end":{"line":32,"column":90}},{"start":{"line":32,"column":94},"end":{"line":32,"column":96}}]},"6":{"loc":{"start":{"line":34,"column":4},"end":{"line":36,"column":null}},"type":"if","locations":[{"start":{"line":34,"column":4},"end":{"line":36,"column":null}},{"start":{"line":34,"column":4},"end":{"line":36,"column":null}}]},"7":{"loc":{"start":{"line":38,"column":4},"end":{"line":40,"column":null}},"type":"if","locations":[{"start":{"line":38,"column":4},"end":{"line":40,"column":null}},{"start":{"line":38,"column":4},"end":{"line":40,"column":null}}]}},"s":{"0":2,"1":2,"2":2,"3":13,"4":13,"5":13,"6":7,"7":7,"8":43,"9":43,"10":43,"11":2,"12":41,"13":4,"14":37,"15":37,"16":11,"17":26,"18":1,"19":25,"20":25,"21":16,"22":19,"23":19,"24":2,"25":2},"f":{"0":13,"1":7,"2":43,"3":16},"b":{"0":[33,10],"1":[43,29],"2":[2,41],"3":[43,43],"4":[4,37],"5":[37,12],"6":[11,26],"7":[1,25]}}
,"C:\\code\\pet\\ts-sandbox\\src\\decorators.ts": {"path":"C:\\code\\pet\\ts-sandbox\\src\\decorators.ts","statementMap":{"0":{"start":{"line":2,"column":0},"end":{"line":2,"column":26}},"1":{"start":{"line":4,"column":0},"end":{"line":4,"column":40}},"2":{"start":{"line":6,"column":0},"end":{"line":6,"column":29}},"3":{"start":{"line":8,"column":13},"end":{"line":8,"column":61}},"4":{"start":{"line":13,"column":13},"end":{"line":18,"column":null}},"5":{"start":{"line":14,"column":2},"end":{"line":18,"column":3}},"6":{"start":{"line":15,"column":37},"end":{"line":15,"column":91}},"7":{"start":{"line":16,"column":4},"end":{"line":16,"column":null}},"8":{"start":{"line":17,"column":4},"end":{"line":17,"column":29}},"9":{"start":{"line":24,"column":13},"end":{"line":33,"column":null}},"10":{"start":{"line":25,"column":2},"end":{"line":33,"column":3}},"11":{"start":{"line":26,"column":24},"end":{"line":26,"column":84}},"12":{"start":{"line":27,"column":17},"end":{"line":29,"column":56}},"13":{"start":{"line":30,"column":20},"end":{"line":30,"column":50}},"14":{"start":{"line":31,"column":4},"end":{"line":31,"column":71}},"15":{"start":{"line":32,"column":4},"end":{"line":32,"column":29}}},"fnMap":{"0":{"name":"(anonymous_0)","decl":{"start":{"line":13,"column":26},"end":{"line":13,"column":66}},"loc":{"start":{"line":14,"column":2},"end":{"line":18,"column":3}}},"1":{"name":"(anonymous_1)","decl":{"start":{"line":14,"column":2},"end":{"line":14,"column":3}},"loc":{"start":{"line":14,"column":34},"end":{"line":18,"column":3}}},"2":{"name":"(anonymous_2)","decl":{"start":{"line":24,"column":22},"end":{"line":24,"column":26}},"loc":{"start":{"line":25,"column":2},"end":{"line":33,"column":3}}},"3":{"name":"(anonymous_3)","decl":{"start":{"line":25,"column":2},"end":{"line":25,"column":3}},"loc":{"start":{"line":25,"column":75},"end":{"line":33,"column":3}}}},"branchMap":{"0":{"loc":{"start":{"line":15,"column":37},"end":{"line":15,"column":85}},"type":"binary-expr","locations":[{"start":{"line":15,"column":37},"end":{"line":15,"column":85}},{"start":{"line":15,"column":89},"end":{"line":15,"column":91}}]},"1":{"loc":{"start":{"line":26,"column":24},"end":{"line":26,"column":78}},"type":"binary-expr","locations":[{"start":{"line":26,"column":24},"end":{"line":26,"column":78}},{"start":{"line":26,"column":82},"end":{"line":26,"column":84}}]},"2":{"loc":{"start":{"line":28,"column":8},"end":{"line":28,"column":19}},"type":"cond-expr","locations":[{"start":{"line":28,"column":8},"end":{"line":28,"column":19}},{"start":{"line":29,"column":8},"end":{"line":29,"column":56}}]}},"s":{"0":2,"1":2,"2":2,"3":2,"4":2,"5":6,"6":6,"7":6,"8":6,"9":2,"10":6,"11":6,"12":6,"13":6,"14":6,"15":6},"f":{"0":6,"1":6,"2":6,"3":6},"b":{"0":[6,1],"1":[6,5],"2":[1,5]}}
,"C:\\code\\pet\\ts-sandbox\\src\\util.ts": {"path":"C:\\code\\pet\\ts-sandbox\\src\\util.ts","statementMap":{"0":{"start":{"line":1,"column":13},"end":{"line":1,"column":93}},"1":{"start":{"line":1,"column":65},"end":{"line":1,"column":92}},"2":{"start":{"line":2,"column":13},"end":{"line":2,"column":87}},"3":{"start":{"line":2,"column":61},"end":{"line":2,"column":86}},"4":{"start":{"line":3,"column":13},"end":{"line":7,"column":null}},"5":{"start":{"line":4,"column":19},"end":{"line":4,"column":31}},"6":{"start":{"line":5,"column":4},"end":{"line":5,"column":25}},"7":{"start":{"line":6,"column":4},"end":{"line":6,"column":18}}},"fnMap":{"0":{"name":"(anonymous_0)","decl":{"start":{"line":1,"column":26},"end":{"line":1,"column":27}},"loc":{"start":{"line":1,"column":65},"end":{"line":1,"column":92}}},"1":{"name":"(anonymous_1)","decl":{"start":{"line":2,"column":24},"end":{"line":2,"column":25}},"loc":{"start":{"line":2,"column":61},"end":{"line":2,"column":86}}},"2":{"name":"(anonymous_2)","decl":{"start":{"line":3,"column":19},"end":{"line":3,"column":23}},"loc":{"start":{"line":3,"column":60},"end":{"line":7,"column":1}}}},"branchMap":{},"s":{"0":2,"1":84,"2":2,"3":43,"4":2,"5":6,"6":6,"7":6},"f":{"0":84,"1":43,"2":6},"b":{}}
}
