TN:
SF:C:\code\pet\ts-sandbox\src\container.ts
FN:8,(anonymous_0)
FN:15,(anonymous_1)
FN:20,(anonymous_2)
FN:43,(anonymous_3)
FNF:4
FNH:4
FNDA:13,(anonymous_0)
FNDA:7,(anonymous_1)
FNDA:43,(anonymous_2)
FNDA:16,(anonymous_3)
DA:1,2
DA:3,2
DA:5,2
DA:8,2
DA:10,13
DA:11,13
DA:12,13
DA:13,2
DA:16,7
DA:17,7
DA:21,43
DA:22,43
DA:24,43
DA:25,2
DA:28,41
DA:29,4
DA:32,37
DA:34,37
DA:35,11
DA:38,26
DA:39,1
DA:42,25
DA:43,25
DA:44,19
DA:46,19
LF:25
LH:25
BRDA:21,0,0,33
BRDA:21,0,1,10
BRDA:22,1,0,43
BRDA:22,1,1,29
BRDA:24,2,0,2
BRDA:24,2,1,41
BRDA:24,3,0,43
BRDA:24,3,1,43
BRDA:28,4,0,4
BRDA:28,4,1,37
BRDA:32,5,0,37
BRDA:32,5,1,12
BRDA:34,6,0,11
BRDA:34,6,1,26
BRDA:38,7,0,1
BRDA:38,7,1,25
BRF:16
BRH:16
end_of_record
TN:
SF:C:\code\pet\ts-sandbox\src\decorators.ts
FN:13,(anonymous_0)
FN:14,(anonymous_1)
FN:24,(anonymous_2)
FN:25,(anonymous_3)
FNF:4
FNH:4
FNDA:6,(anonymous_0)
FNDA:6,(anonymous_1)
FNDA:6,(anonymous_2)
FNDA:6,(anonymous_3)
DA:2,2
DA:4,2
DA:6,2
DA:8,2
DA:13,2
DA:14,6
DA:15,6
DA:16,6
DA:17,6
DA:24,2
DA:25,6
DA:26,6
DA:27,6
DA:30,6
DA:31,6
DA:32,6
LF:16
LH:16
BRDA:15,0,0,6
BRDA:15,0,1,1
BRDA:26,1,0,6
BRDA:26,1,1,5
BRDA:28,2,0,1
BRDA:28,2,1,5
BRF:6
BRH:6
end_of_record
TN:
SF:C:\code\pet\ts-sandbox\src\util.ts
FN:1,(anonymous_0)
FN:2,(anonymous_1)
FN:3,(anonymous_2)
FNF:3
FNH:3
FNDA:84,(anonymous_0)
FNDA:43,(anonymous_1)
FNDA:6,(anonymous_2)
DA:1,84
DA:2,43
DA:3,2
DA:4,6
DA:5,6
DA:6,6
LF:6
LH:6
BRF:0
BRH:0
end_of_record
